2023-04-02 22:16:15.564523 - Initialized conversion of CBT158
2023-04-02 22:16:15.892748 - Received CBT.V504.FILE158.PDS from FILE158.XMI 
2023-04-02 22:16:15.895409 - Found $$$$$DOC.txt (text/plain) in CBT.V504.FILE158.PDS, moved to PDS/$$$$$DOC
2023-04-02 22:16:15.896386 - Found $$$#DATE.txt (text/plain) in CBT.V504.FILE158.PDS, moved to PDS/$$$#DATE
2023-04-02 22:16:15.897687 - Found @FILE158.txt (text/plain) in CBT.V504.FILE158.PDS, moved to PDS/@FILE158
2023-04-02 22:16:15.898726 - Found CENTER.rexx (text/plain) in CBT.V504.FILE158.PDS, moved to PDS/CENTER
2023-04-02 22:16:15.899720 - Found CMDTBDI.txt (text/plain) in CBT.V504.FILE158.PDS, moved to PDS/CMDTBDI
2023-04-02 22:16:15.901145 - Found CMDTBD1.txt (text/plain) in CBT.V504.FILE158.PDS, moved to PDS/CMDTBD1
2023-04-02 22:16:15.902113 - Found CMDTBLUP.rexx (text/plain) in CBT.V504.FILE158.PDS, moved to PDS/CMDTBLUP
2023-04-02 22:16:15.903039 - Found CMDTBME.txt (text/plain) in CBT.V504.FILE158.PDS, moved to PDS/CMDTBME
2023-04-02 22:16:15.904269 - Found COPYF.txt (text/plain) in CBT.V504.FILE158.PDS, moved to PDS/COPYF
2023-04-02 22:16:15.905218 - Found COPYMORE.rexx (text/plain) in CBT.V504.FILE158.PDS, moved to PDS/COPYMORE
2023-04-02 22:16:15.906131 - Found COPYNREC.rexx (text/plain) in CBT.V504.FILE158.PDS, moved to PDS/COPYNREC
2023-04-02 22:16:15.907054 - Found DQUAL.rexx (text/plain) in CBT.V504.FILE158.PDS, moved to PDS/DQUAL
2023-04-02 22:16:15.908329 - Found DSNBYDD.rexx (text/plain) in CBT.V504.FILE158.PDS, moved to PDS/DSNBYDD
2023-04-02 22:16:15.909296 - Found DSNMLIST.rexx (text/plain) in CBT.V504.FILE158.PDS, moved to PDS/DSNMLIST
2023-04-02 22:16:15.910210 - Found DSNTABLE.rexx (text/plain) in CBT.V504.FILE158.PDS, moved to PDS/DSNTABLE
2023-04-02 22:16:15.911139 - Found EDF.rexx (text/plain) in CBT.V504.FILE158.PDS, moved to PDS/EDF
2023-04-02 22:16:15.912098 - Found EDFIND.txt (text/plain) in CBT.V504.FILE158.PDS, moved to PDS/EDFIND
2023-04-02 22:16:15.913479 - Found GETDLIST.rexx (text/plain) in CBT.V504.FILE158.PDS, moved to PDS/GETDLIST
2023-04-02 22:16:15.914463 - Found G2JDATE.rexx (text/plain) in CBT.V504.FILE158.PDS, moved to PDS/G2JDATE
2023-04-02 22:16:15.915714 - Found HELPIDM.rexx (text/plain) in CBT.V504.FILE158.PDS, moved to PDS/HELPIDM
2023-04-02 22:16:15.916648 - Found HELPIDS.rexx (text/plain) in CBT.V504.FILE158.PDS, moved to PDS/HELPIDS
2023-04-02 22:16:15.917663 - Found IMBED.rexx (text/plain) in CBT.V504.FILE158.PDS, moved to PDS/IMBED
2023-04-02 22:16:15.918582 - Found JCEX.txt (text/plain) in CBT.V504.FILE158.PDS, moved to PDS/JCEX
2023-04-02 22:16:15.919584 - Found J2GDATE.rexx (text/plain) in CBT.V504.FILE158.PDS, moved to PDS/J2GDATE
2023-04-02 22:16:15.920649 - Found KEYWORDV.rexx (text/plain) in CBT.V504.FILE158.PDS, moved to PDS/KEYWORDV
2023-04-02 22:16:15.921620 - Found LCOM.rexx (text/plain) in CBT.V504.FILE158.PDS, moved to PDS/LCOM
2023-04-02 22:16:15.922618 - Found LISTDD.rexx (text/plain) in CBT.V504.FILE158.PDS, moved to PDS/LISTDD
2023-04-02 22:16:15.923590 - Found LISTMMI.rexx (text/plain) in CBT.V504.FILE158.PDS, moved to PDS/LISTMMI
2023-04-02 22:16:15.924622 - Found LISTMMT.rexx (text/plain) in CBT.V504.FILE158.PDS, moved to PDS/LISTMMT
2023-04-02 22:16:15.925628 - Found LLDSNS.rexx (text/plain) in CBT.V504.FILE158.PDS, moved to PDS/LLDSNS
2023-04-02 22:16:15.926669 - Found LOGMSG.rexx (text/plain) in CBT.V504.FILE158.PDS, moved to PDS/LOGMSG
2023-04-02 22:16:15.927624 - Found LOGUPDAT.rexx (text/plain) in CBT.V504.FILE158.PDS, moved to PDS/LOGUPDAT
2023-04-02 22:16:15.928641 - Found MASK.rexx (text/plain) in CBT.V504.FILE158.PDS, moved to PDS/MASK
2023-04-02 22:16:15.929619 - Found MASK1.rexx (text/plain) in CBT.V504.FILE158.PDS, moved to PDS/MASK1
2023-04-02 22:16:15.930608 - Found MASK12.rexx (text/plain) in CBT.V504.FILE158.PDS, moved to PDS/MASK12
2023-04-02 22:16:15.931567 - Found MASK2.rexx (text/plain) in CBT.V504.FILE158.PDS, moved to PDS/MASK2
2023-04-02 22:16:15.932494 - Found MASK21.rexx (text/plain) in CBT.V504.FILE158.PDS, moved to PDS/MASK21
2023-04-02 22:16:15.933375 - Found MEMBYDD.rexx (text/plain) in CBT.V504.FILE158.PDS, moved to PDS/MEMBYDD
2023-04-02 22:16:15.934259 - Found MEMLIST.rexx (text/plain) in CBT.V504.FILE158.PDS, moved to PDS/MEMLIST
2023-04-02 22:16:15.934274 - Found POPPRT.bin containing application/octet-stream, moved to PDS/POPPRT
2023-04-02 22:16:15.936188 - Found PSICMDIS.txt (text/plain) in CBT.V504.FILE158.PDS, moved to PDS/PSICMDIS
2023-04-02 22:16:15.937063 - Found PSICMIN1.txt (text/plain) in CBT.V504.FILE158.PDS, moved to PDS/PSICMIN1
2023-04-02 22:16:15.937928 - Found REMOVEWD.rexx (text/plain) in CBT.V504.FILE158.PDS, moved to PDS/REMOVEWD
2023-04-02 22:16:15.938845 - Found REPLACWD.rexx (text/plain) in CBT.V504.FILE158.PDS, moved to PDS/REPLACWD
2023-04-02 22:16:15.939759 - Found REXXID.rexx (text/plain) in CBT.V504.FILE158.PDS, moved to PDS/REXXID
2023-04-02 22:16:15.940622 - Found RFILL.rexx (text/plain) in CBT.V504.FILE158.PDS, moved to PDS/RFILL
2023-04-02 22:16:15.941478 - Found SHOWFLOW.rexx (text/plain) in CBT.V504.FILE158.PDS, moved to PDS/SHOWFLOW
2023-04-02 22:16:15.942336 - Found SYSDSNRI.rexx (text/plain) in CBT.V504.FILE158.PDS, moved to PDS/SYSDSNRI
2023-04-02 22:16:15.943275 - Found TABEMPTY.rexx (text/plain) in CBT.V504.FILE158.PDS, moved to PDS/TABEMPTY
2023-04-02 22:16:15.944226 - Found TQUAL.rexx (text/plain) in CBT.V504.FILE158.PDS, moved to PDS/TQUAL
